<?xml version="1.0" encoding="UTF-8"?>
<!-- Generated by org.testng.reporters.JUnitReportReporter -->
<testsuite hostname="DESKTOP-FHU6NML" failures="0" tests="1" name="SeleniumTest" time="27.377" errors="0" timestamp="26 Aug 2019 20:57:06 GMT" skipped="0">
  <testcase classname="SeleniumTest" name="googleCheeseExample" time="27.377"/>
</testsuite> <!-- SeleniumTest -->
